# JRE version: OpenJDK Runtime Environment (8.0_202-b03) (build 1.8.0_202-release-1483-b03)
# Java VM: OpenJDK 64-Bit Server VM (25.202-b03 mixed mode windows-amd64 compressed oops)
Heap:
 PSYoungGen      total 123904K, used 63911K [0x00000000e0000000, 0x00000000eb700000, 0x0000000100000000)
  eden space 113152K, 56% used [0x00000000e0000000,0x00000000e3e69c10,0x00000000e6e80000)
  from space 10752K, 0% used [0x00000000e6e80000,0x00000000e6e80000,0x00000000e7900000)
  to   space 12288K, 0% used [0x00000000eab00000,0x00000000eab00000,0x00000000eb700000)
 ParOldGen       total 53760K, used 18606K [0x00000000a0000000, 0x00000000a3480000, 0x00000000e0000000)
  object space 53760K, 34% used [0x00000000a0000000,0x00000000a122b9d0,0x00000000a3480000)
 Metaspace       used 42289K, capacity 43100K, committed 43352K, reserved 1087488K
  class space    used 5706K, capacity 5936K, committed 6016K, reserved 1048576K
GC Heap History (10 events):
Event: 13.114 GC heap before
{Heap before GC invocations=7 (full 1):
 PSYoungGen      total 75776K, used 7021K [0x00000000e0000000, 0x00000000e5400000, 0x0000000100000000)
  eden space 65536K, 0% used [0x00000000e0000000,0x00000000e0000000,0x00000000e4000000)
  from space 10240K, 68% used [0x00000000e4a00000,0x00000000e50db5f8,0x00000000e5400000)
  to   space 10240K, 0% used [0x00000000e4000000,0x00000000e4000000,0x00000000e4a00000)
 ParOldGen       total 86016K, used 8323K [0x00000000a0000000, 0x00000000a5400000, 0x00000000e0000000)
  object space 86016K, 9% used [0x00000000a0000000,0x00000000a0820cc0,0x00000000a5400000)
 Metaspace       used 20750K, capacity 21120K, committed 21248K, reserved 1067008K
  class space    used 2917K, capacity 3062K, committed 3072K, reserved 1048576K
Event: 13.195 GC heap after
Heap after GC invocations=7 (full 1):
 PSYoungGen      total 75776K, used 0K [0x00000000e0000000, 0x00000000e5400000, 0x0000000100000000)
  eden space 65536K, 0% used [0x00000000e0000000,0x00000000e0000000,0x00000000e4000000)
  from space 10240K, 0% used [0x00000000e4a00000,0x00000000e4a00000,0x00000000e5400000)
  to   space 10240K, 0% used [0x00000000e4000000,0x00000000e4000000,0x00000000e4a00000)
 ParOldGen       total 53760K, used 8099K [0x00000000a0000000, 0x00000000a3480000, 0x00000000e0000000)
  object space 53760K, 15% used [0x00000000a0000000,0x00000000a07e8d98,0x00000000a3480000)
 Metaspace       used 20750K, capacity 21120K, committed 21248K, reserved 1067008K
  class space    used 2917K, capacity 3062K, committed 3072K, reserved 1048576K
}
Event: 16.544 GC heap before
{Heap before GC invocations=8 (full 1):
 PSYoungGen      total 75776K, used 65536K [0x00000000e0000000, 0x00000000e5400000, 0x0000000100000000)
  eden space 65536K, 100% used [0x00000000e0000000,0x00000000e4000000,0x00000000e4000000)
  from space 10240K, 0% used [0x00000000e4a00000,0x00000000e4a00000,0x00000000e5400000)
  to   space 10240K, 0% used [0x00000000e4000000,0x00000000e4000000,0x00000000e4a00000)
 ParOldGen       total 53760K, used 8099K [0x00000000a0000000, 0x00000000a3480000, 0x00000000e0000000)
  object space 53760K, 15% used [0x00000000a0000000,0x00000000a07e8d98,0x00000000a3480000)
 Metaspace       used 28659K, capacity 29056K, committed 29440K, reserved 1075200K
  class space    used 3851K, capacity 4011K, committed 4096K, reserved 1048576K
Event: 16.580 GC heap after
Heap after GC invocations=8 (full 1):
 PSYoungGen      total 75776K, used 7707K [0x00000000e0000000, 0x00000000e8300000, 0x0000000100000000)
  eden space 65536K, 0% used [0x00000000e0000000,0x00000000e0000000,0x00000000e4000000)
  from space 10240K, 75% used [0x00000000e4000000,0x00000000e4786c40,0x00000000e4a00000)
  to   space 10240K, 0% used [0x00000000e7900000,0x00000000e7900000,0x00000000e8300000)
 ParOldGen       total 53760K, used 8107K [0x00000000a0000000, 0x00000000a3480000, 0x00000000e0000000)
  object space 53760K, 15% used [0x00000000a0000000,0x00000000a07ead98,0x00000000a3480000)
 Metaspace       used 28659K, capacity 29056K, committed 29440K, reserved 1075200K
  class space    used 3851K, capacity 4011K, committed 4096K, reserved 1048576K
}
Event: 18.748 GC heap before
{Heap before GC invocations=9 (full 1):
 PSYoungGen      total 75776K, used 73243K [0x00000000e0000000, 0x00000000e8300000, 0x0000000100000000)
  eden space 65536K, 100% used [0x00000000e0000000,0x00000000e4000000,0x00000000e4000000)
  from space 10240K, 75% used [0x00000000e4000000,0x00000000e4786c40,0x00000000e4a00000)
  to   space 10240K, 0% used [0x00000000e7900000,0x00000000e7900000,0x00000000e8300000)
 ParOldGen       total 53760K, used 8107K [0x00000000a0000000, 0x00000000a3480000, 0x00000000e0000000)
  object space 53760K, 15% used [0x00000000a0000000,0x00000000a07ead98,0x00000000a3480000)
 Metaspace       used 31972K, capacity 32376K, committed 32768K, reserved 1077248K
  class space    used 4393K, capacity 4563K, committed 4608K, reserved 1048576K
Event: 18.776 GC heap after
Heap after GC invocations=9 (full 1):
 PSYoungGen      total 123392K, used 8563K [0x00000000e0000000, 0x00000000e8380000, 0x0000000100000000)
  eden space 113152K, 0% used [0x00000000e0000000,0x00000000e0000000,0x00000000e6e80000)
  from space 10240K, 83% used [0x00000000e7900000,0x00000000e815ce00,0x00000000e8300000)
  to   space 10752K, 0% used [0x00000000e6e80000,0x00000000e6e80000,0x00000000e7900000)
 ParOldGen       total 53760K, used 8115K [0x00000000a0000000, 0x00000000a3480000, 0x00000000e0000000)
  object space 53760K, 15% used [0x00000000a0000000,0x00000000a07ecd98,0x00000000a3480000)
 Metaspace       used 31972K, capacity 32376K, committed 32768K, reserved 1077248K
  class space    used 4393K, capacity 4563K, committed 4608K, reserved 1048576K
}
Event: 21.082 GC heap before
{Heap before GC invocations=10 (full 1):
 PSYoungGen      total 123392K, used 61408K [0x00000000e0000000, 0x00000000e8380000, 0x0000000100000000)
  eden space 113152K, 46% used [0x00000000e0000000,0x00000000e339b428,0x00000000e6e80000)
  from space 10240K, 83% used [0x00000000e7900000,0x00000000e815ce00,0x00000000e8300000)
  to   space 10752K, 0% used [0x00000000e6e80000,0x00000000e6e80000,0x00000000e7900000)
 ParOldGen       total 53760K, used 8115K [0x00000000a0000000, 0x00000000a3480000, 0x00000000e0000000)
  object space 53760K, 15% used [0x00000000a0000000,0x00000000a07ecd98,0x00000000a3480000)
 Metaspace       used 34520K, capacity 35184K, committed 35416K, reserved 1079296K
  class space    used 4745K, capacity 4933K, committed 4992K, reserved 1048576K
Event: 21.127 GC heap after
Heap after GC invocations=10 (full 1):
 PSYoungGen      total 123904K, used 10734K [0x00000000e0000000, 0x00000000eb700000, 0x0000000100000000)
  eden space 113152K, 0% used [0x00000000e0000000,0x00000000e0000000,0x00000000e6e80000)
  from space 10752K, 99% used [0x00000000e6e80000,0x00000000e78fbb70,0x00000000e7900000)
  to   space 12288K, 0% used [0x00000000eab00000,0x00000000eab00000,0x00000000eb700000)
 ParOldGen       total 53760K, used 9139K [0x00000000a0000000, 0x00000000a3480000, 0x00000000e0000000)
  object space 53760K, 17% used [0x00000000a0000000,0x00000000a08ecfe8,0x00000000a3480000)
 Metaspace       used 34520K, capacity 35184K, committed 35416K, reserved 1079296K
  class space    used 4745K, capacity 4933K, committed 4992K, reserved 1048576K
}
Event: 21.127 GC heap before
{Heap before GC invocations=11 (full 2):
 PSYoungGen      total 123904K, used 10734K [0x00000000e0000000, 0x00000000eb700000, 0x0000000100000000)
  eden space 113152K, 0% used [0x00000000e0000000,0x00000000e0000000,0x00000000e6e80000)
  from space 10752K, 99% used [0x00000000e6e80000,0x00000000e78fbb70,0x00000000e7900000)
  to   space 12288K, 0% used [0x00000000eab00000,0x00000000eab00000,0x00000000eb700000)
 ParOldGen       total 53760K, used 9139K [0x00000000a0000000, 0x00000000a3480000, 0x00000000e0000000)
  object space 53760K, 17% used [0x00000000a0000000,0x00000000a08ecfe8,0x00000000a3480000)
 Metaspace       used 34520K, capacity 35184K, committed 35416K, reserved 1079296K
  class space    used 4745K, capacity 4933K, committed 4992K, reserved 1048576K
Event: 21.335 GC heap after
Heap after GC invocations=11 (full 2):
 PSYoungGen      total 123904K, used 0K [0x00000000e0000000, 0x00000000eb700000, 0x0000000100000000)
  eden space 113152K, 0% used [0x00000000e0000000,0x00000000e0000000,0x00000000e6e80000)
  from space 10752K, 0% used [0x00000000e6e80000,0x00000000e6e80000,0x00000000e7900000)
  to   space 12288K, 0% used [0x00000000eab00000,0x00000000eab00000,0x00000000eb700000)
 ParOldGen       total 53760K, used 18606K [0x00000000a0000000, 0x00000000a3480000, 0x00000000e0000000)
  object space 53760K, 34% used [0x00000000a0000000,0x00000000a122b9d0,0x00000000a3480000)
 Metaspace       used 34520K, capacity 35184K, committed 35416K, reserved 1079296K
  class space    used 4745K, capacity 4933K, committed 4992K, reserved 1048576K
}

